<?xml version="1.0" encoding="UTF-8"?>
<!-- Generated by org.testng.reporters.JUnitReportReporter -->
<testsuite skipped="0" hostname="LAPTOP-BPI9200A" name="com.ultimateqa.courses.testsuite.LoginPageTest" tests="2" failures="0" timestamp="2022-12-12T19:23:31 GMT" time="19.566" errors="0">
  <testcase name="verifyTheErrorMessage" time="11.188" classname="com.ultimateqa.courses.testsuite.LoginPageTest"/>
  <system-out>
    <![CDATA[Clicking on Signing Link [[ChromeDriver: chrome on WINDOWS (d19dcfdff7cea9dcd85014c1c1efbced)] -> xpath: //a[@href='/users/sign_in']]
Entering abc345@gmail.com User Name [[ChromeDriver: chrome on WINDOWS (d19dcfdff7cea9dcd85014c1c1efbced)] -> id: user[email]]
Entering [[ChromeDriver: chrome on WINDOWS (d19dcfdff7cea9dcd85014c1c1efbced)] -> id: user[password]] Password  [[ChromeDriver: chrome on WINDOWS (d19dcfdff7cea9dcd85014c1c1efbced)] -> id: user[password]]
Clicking on Signin Button [[ChromeDriver: chrome on WINDOWS (d19dcfdff7cea9dcd85014c1c1efbced)] -> xpath: //button[@type='submit']]
Verify Invalid Crendetial Message [[ChromeDriver: chrome on WINDOWS (d19dcfdff7cea9dcd85014c1c1efbced)] -> xpath: //li[contains(text(),'Invalid email or password.')]]]]>
  </system-out>
  <testcase name="userShouldNavigateToLoginPageSuccessfully" time="8.378" classname="com.ultimateqa.courses.testsuite.LoginPageTest"/>
  <system-out>
    <![CDATA[Clicking on Signing Link [[ChromeDriver: chrome on WINDOWS (3e7be920a3805c7d997f15a1365a28c9)] -> xpath: //a[@href='/users/sign_in']]
Verify Welcome Back Text [[ChromeDriver: chrome on WINDOWS (3e7be920a3805c7d997f15a1365a28c9)] -> xpath: //h2[@class='page__heading']]]]>
  </system-out>
</testsuite> <!-- com.ultimateqa.courses.testsuite.LoginPageTest -->
